<?xml version="1.0" encoding="UTF-8"?>
<Site BuildName="Linux-x86_64-linux-gnu-g++-9"
	BuildStamp="20220214-1039-Experimental"
	Name="aicgt-workstation"
	Generator="ctest-3.16.3"
	CompilerName="/bin/x86_64-linux-gnu-g++-9"
	CompilerVersion="9.3.0"
	OSName="Linux"
	Hostname="aicgt-workstation"
	OSRelease="5.13.0-28-generic"
	OSVersion="#31~20.04.1-Ubuntu SMP Wed Jan 19 14:08:10 UTC 2022"
	OSPlatform="x86_64"
	Is64Bits="1"
	VendorString="GenuineIntel"
	VendorID="Intel Corporation"
	FamilyID="6"
	ModelID="167"
	ProcessorCacheSize="16384"
	NumberOfLogicalCPU="16"
	NumberOfPhysicalCPU="8"
	TotalVirtualMemory="7812"
	TotalPhysicalMemory="31866"
	LogicalProcessorsPerPhysical="2"
	ProcessorClockFrequency="1283.92"
	>
	<Testing>
		<StartDateTime>Feb 14 13:39 +03</StartDateTime>
		<StartTestTime>1644835187</StartTestTime>
		<TestList/>
		<EndDateTime>Feb 14 13:39 +03</EndDateTime>
		<EndTestTime>1644835187</EndTestTime>
		<ElapsedMinutes>0</ElapsedMinutes>
	</Testing>
</Site>
